23:03:09 **** Incremental Build of configuration Debug for project snake_game ****
make all 
Building file: ../main.c
Invoking: AVR Compiler
avr-gcc -Wall -g2 -gstabs -O0 -fpack-struct -fshort-enums -ffunction-sections -fdata-sections -std=gnu99 -funsigned-char -funsigned-bitfields -mmcu=atmega32 -DF_CPU=1000000UL -MMD -MP -MF"main.d" -MT"main.o" -c -o "main.o" "../main.c"
In file included from ../main.c:9:
c:/winavr-20100110/lib/gcc/../../avr/include/util/delay.h:90:3: warning: #warning "Compiler optimizations disabled; functions from <util/delay.h> won't work as designed"
Finished building: ../main.c
 
Building target: snake_game.elf
Invoking: AVR C Linker
avr-gcc -Wl,-Map,snake_game.map -mmcu=atmega32 -o "snake_game.elf"  ./main.o   
Finished building target: snake_game.elf
 
Invoking: AVR Create Extended Listing
avr-objdump -h -S snake_game.elf  >"snake_game.lss"
Finished building: snake_game.lss
 
Create Flash image (ihex format)
avr-objcopy -R .eeprom -R .fuse -R .lock -R .signature -O ihex snake_game.elf  "snake_game.hex"
Finished building: snake_game.hex
 
Invoking: Print Size
avr-size --format=avr --mcu=atmega32 snake_game.elf
AVR Memory Usage
----------------
Device: atmega32

Program:    3650 bytes (11.1% Full)
(.text + .data + .bootloader)

Data:          8 bytes (0.4% Full)
(.data + .bss + .noinit)


Finished building: sizedummy
 
23:04:14 **** Incremental Build of configuration Debug for project snake_game ****
make all 
Building file: ../main.c
Invoking: AVR Compiler
avr-gcc -Wall -g2 -gstabs -O0 -fpack-struct -fshort-enums -ffunction-sections -fdata-sections -std=gnu99 -funsigned-char -funsigned-bitfields -mmcu=atmega32 -DF_CPU=1000000UL -MMD -MP -MF"main.d" -MT"main.o" -c -o "main.o" "../main.c"
In file included from ../main.c:9:
c:/winavr-20100110/lib/gcc/../../avr/include/util/delay.h:90:3: warning: #warning "Compiler optimizations disabled; functions from <util/delay.h> won't work as designed"
Finished building: ../main.c
 
Building target: snake_game.elf
Invoking: AVR C Linker
avr-gcc -Wl,-Map,snake_game.map -mmcu=atmega32 -o "snake_game.elf"  ./main.o   
Finished building target: snake_game.elf
 
Invoking: AVR Create Extended Listing
avr-objdump -h -S snake_game.elf  >"snake_game.lss"
Finished building: snake_game.lss
 
Create Flash image (ihex format)
avr-objcopy -R .eeprom -R .fuse -R .lock -R .signature -O ihex snake_game.elf  "snake_game.hex"
Finished building: snake_game.hex
 
Invoking: Print Size
avr-size --format=avr --mcu=atmega32 snake_game.elf
AVR Memory Usage
----------------
Device: atmega32

Program:    3650 bytes (11.1% Full)
(.text + .data + .bootloader)

Data:          8 bytes (0.4% Full)
(.data + .bss + .noinit)


Finished building: sizedummy
 
23:06:54 **** Incremental Build of configuration Debug for project snake_game ****
make all 
Building file: ../main.c
Invoking: AVR Compiler
avr-gcc -Wall -g2 -gstabs -O0 -fpack-struct -fshort-enums -ffunction-sections -fdata-sections -std=gnu99 -funsigned-char -funsigned-bitfields -mmcu=atmega32 -DF_CPU=1000000UL -MMD -MP -MF"main.d" -MT"main.o" -c -o "main.o" "../main.c"
In file included from ../main.c:9:
c:/winavr-20100110/lib/gcc/../../avr/include/util/delay.h:90:3: warning: #warning "Compiler optimizations disabled; functions from <util/delay.h> won't work as designed"
Finished building: ../main.c
 
Building target: snake_game.elf
Invoking: AVR C Linker
avr-gcc -Wl,-Map,snake_game.map -mmcu=atmega32 -o "snake_game.elf"  ./main.o   
Finished building target: snake_game.elf
 
Invoking: AVR Create Extended Listing
avr-objdump -h -S snake_game.elf  >"snake_game.lss"
Finished building: snake_game.lss
 
Create Flash image (ihex format)
avr-objcopy -R .eeprom -R .fuse -R .lock -R .signature -O ihex snake_game.elf  "snake_game.hex"
Finished building: snake_game.hex
 
Invoking: Print Size
avr-size --format=avr --mcu=atmega32 snake_game.elf
AVR Memory Usage
----------------
Device: atmega32

Program:    3650 bytes (11.1% Full)
(.text + .data + .bootloader)

Data:          8 bytes (0.4% Full)
(.data + .bss + .noinit)


Finished building: sizedummy
 
23:09:28 **** Incremental Build of configuration Debug for project snake_game ****
make all 
Building file: ../main.c
Invoking: AVR Compiler
avr-gcc -Wall -g2 -gstabs -O0 -fpack-struct -fshort-enums -ffunction-sections -fdata-sections -std=gnu99 -funsigned-char -funsigned-bitfields -mmcu=atmega32 -DF_CPU=1000000UL -MMD -MP -MF"main.d" -MT"main.o" -c -o "main.o" "../main.c"
In file included from ../main.c:9:
c:/winavr-20100110/lib/gcc/../../avr/include/util/delay.h:90:3: warning: #warning "Compiler optimizations disabled; functions from <util/delay.h> won't work as designed"
Finished building: ../main.c
 
Building target: snake_game.elf
Invoking: AVR C Linker
avr-gcc -Wl,-Map,snake_game.map -mmcu=atmega32 -o "snake_game.elf"  ./main.o   
Finished building target: snake_game.elf
 
Invoking: AVR Create Extended Listing
avr-objdump -h -S snake_game.elf  >"snake_game.lss"
Finished building: snake_game.lss
 
Create Flash image (ihex format)
avr-objcopy -R .eeprom -R .fuse -R .lock -R .signature -O ihex snake_game.elf  "snake_game.hex"
Finished building: snake_game.hex
 
Invoking: Print Size
avr-size --format=avr --mcu=atmega32 snake_game.elf
AVR Memory Usage
----------------
Device: atmega32

Program:    3650 bytes (11.1% Full)
(.text + .data + .bootloader)

Data:          8 bytes (0.4% Full)
(.data + .bss + .noinit)


Finished building: sizedummy
 
23:09:45 **** Incremental Build of configuration Debug for project snake_game ****
make all 
Building file: ../main.c
Invoking: AVR Compiler
avr-gcc -Wall -g2 -gstabs -O0 -fpack-struct -fshort-enums -ffunction-sections -fdata-sections -std=gnu99 -funsigned-char -funsigned-bitfields -mmcu=atmega32 -DF_CPU=1000000UL -MMD -MP -MF"main.d" -MT"main.o" -c -o "main.o" "../main.c"
In file included from ../main.c:9:
c:/winavr-20100110/lib/gcc/../../avr/include/util/delay.h:90:3: warning: #warning "Compiler optimizations disabled; functions from <util/delay.h> won't work as designed"
Finished building: ../main.c
 
Building target: snake_game.elf
Invoking: AVR C Linker
avr-gcc -Wl,-Map,snake_game.map -mmcu=atmega32 -o "snake_game.elf"  ./main.o   
Finished building target: snake_game.elf
 
Invoking: AVR Create Extended Listing
avr-objdump -h -S snake_game.elf  >"snake_game.lss"
Finished building: snake_game.lss
 
Create Flash image (ihex format)
avr-objcopy -R .eeprom -R .fuse -R .lock -R .signature -O ihex snake_game.elf  "snake_game.hex"
Finished building: snake_game.hex
 
Invoking: Print Size
avr-size --format=avr --mcu=atmega32 snake_game.elf
AVR Memory Usage
----------------
Device: atmega32

Program:    3650 bytes (11.1% Full)
(.text + .data + .bootloader)

Data:          8 bytes (0.4% Full)
(.data + .bss + .noinit)


Finished building: sizedummy
 
23:10:24 **** Incremental Build of configuration Debug for project snake_game ****
make all 
Building file: ../main.c
Invoking: AVR Compiler
avr-gcc -Wall -g2 -gstabs -O0 -fpack-struct -fshort-enums -ffunction-sections -fdata-sections -std=gnu99 -funsigned-char -funsigned-bitfields -mmcu=atmega32 -DF_CPU=1000000UL -MMD -MP -MF"main.d" -MT"main.o" -c -o "main.o" "../main.c"
In file included from ../main.c:9:
c:/winavr-20100110/lib/gcc/../../avr/include/util/delay.h:90:3: warning: #warning "Compiler optimizations disabled; functions from <util/delay.h> won't work as designed"
Finished building: ../main.c
 
Building target: snake_game.elf
Invoking: AVR C Linker
avr-gcc -Wl,-Map,snake_game.map -mmcu=atmega32 -o "snake_game.elf"  ./main.o   
Finished building target: snake_game.elf
 
Invoking: AVR Create Extended Listing
avr-objdump -h -S snake_game.elf  >"snake_game.lss"
Finished building: snake_game.lss
 
Create Flash image (ihex format)
avr-objcopy -R .eeprom -R .fuse -R .lock -R .signature -O ihex snake_game.elf  "snake_game.hex"
Finished building: snake_game.hex
 
Invoking: Print Size
avr-size --format=avr --mcu=atmega32 snake_game.elf
AVR Memory Usage
----------------
Device: atmega32

Program:    3650 bytes (11.1% Full)
(.text + .data + .bootloader)

Data:          8 bytes (0.4% Full)
(.data + .bss + .noinit)


Finished building: sizedummy
 
23:10:34 **** Incremental Build of configuration Debug for project snake_game ****
make all 
Invoking: Print Size
avr-size --format=avr --mcu=atmega32 snake_game.elf
AVR Memory Usage
----------------
Device: atmega32

Program:    3650 bytes (11.1% Full)
(.text + .data + .bootloader)

Data:          8 bytes (0.4% Full)
(.data + .bss + .noinit)


Finished building: sizedummy
 
23:10:50 **** Incremental Build of configuration Debug for project snake_game ****
make all 
Invoking: Print Size
avr-size --format=avr --mcu=atmega32 snake_game.elf
AVR Memory Usage
----------------
Device: atmega32

Program:    3650 bytes (11.1% Full)
(.text + .data + .bootloader)

Data:          8 bytes (0.4% Full)
(.data + .bss + .noinit)


Finished building: sizedummy
 
