23:47:55 **** Incremental Build of configuration Debug for project pattern ****
make all 
Building file: ../main.c
Invoking: AVR Compiler
avr-gcc -Wall -g2 -gstabs -O0 -fpack-struct -fshort-enums -ffunction-sections -fdata-sections -std=gnu99 -funsigned-char -funsigned-bitfields -mmcu=atmega32 -DF_CPU=1000000UL -MMD -MP -MF"main.d" -MT"main.o" -c -o "main.o" "../main.c"
In file included from ../main.c:9:
c:/winavr-20100110/lib/gcc/../../avr/include/util/delay.h:90:3: warning: #warning "Compiler optimizations disabled; functions from <util/delay.h> won't work as designed"
Finished building: ../main.c
 
Building target: pattern.elf
Invoking: AVR C Linker
avr-gcc -Wl,-Map,pattern.map -mmcu=atmega32 -o "pattern.elf"  ./main.o   
Finished building target: pattern.elf
 
Invoking: AVR Create Extended Listing
avr-objdump -h -S pattern.elf  >"pattern.lss"
Finished building: pattern.lss
 
Invoking: Print Size
avr-size --format=avr --mcu=atmega32 pattern.elf
AVR Memory Usage
----------------
Device: atmega32

Program:    3718 bytes (11.3% Full)
(.text + .data + .bootloader)

Data:          8 bytes (0.4% Full)
(.data + .bss + .noinit)


Finished building: sizedummy
 

23:47:56 Build Finished. 0 errors, 1 warnings. (took 661ms)

